<?xml version="1.0" encoding="UTF-8"?>
<testsuite name="com.meg.springservices.SpringServicesApplicationTests" tests="1" skipped="0" failures="0" errors="0" timestamp="2020-06-03T21:33:07" hostname="Meghamshs-MacBook-Pro.local" time="0.339">
  <properties/>
  <testcase name="contextLoads()" classname="com.meg.springservices.SpringServicesApplicationTests" time="0.339"/>
  <system-out><![CDATA[17:33:05.889 [Test worker] DEBUG org.springframework.test.context.BootstrapUtils - Instantiating CacheAwareContextLoaderDelegate from class [org.springframework.test.context.cache.DefaultCacheAwareContextLoaderDelegate]
17:33:05.900 [Test worker] DEBUG org.springframework.test.context.BootstrapUtils - Instantiating BootstrapContext using constructor [public org.springframework.test.context.support.DefaultBootstrapContext(java.lang.Class,org.springframework.test.context.CacheAwareContextLoaderDelegate)]
17:33:05.927 [Test worker] DEBUG org.springframework.test.context.BootstrapUtils - Instantiating TestContextBootstrapper for test class [com.meg.springservices.SpringServicesApplicationTests] from class [org.springframework.boot.test.context.SpringBootTestContextBootstrapper]
17:33:05.946 [Test worker] INFO org.springframework.boot.test.context.SpringBootTestContextBootstrapper - Neither @ContextConfiguration nor @ContextHierarchy found for test class [com.meg.springservices.SpringServicesApplicationTests], using SpringBootContextLoader
17:33:05.950 [Test worker] DEBUG org.springframework.test.context.support.AbstractContextLoader - Did not detect default resource location for test class [com.meg.springservices.SpringServicesApplicationTests]: class path resource [com/meg/springservices/SpringServicesApplicationTests-context.xml] does not exist
17:33:05.951 [Test worker] DEBUG org.springframework.test.context.support.AbstractContextLoader - Did not detect default resource location for test class [com.meg.springservices.SpringServicesApplicationTests]: class path resource [com/meg/springservices/SpringServicesApplicationTestsContext.groovy] does not exist
17:33:05.951 [Test worker] INFO org.springframework.test.context.support.AbstractContextLoader - Could not detect default resource locations for test class [com.meg.springservices.SpringServicesApplicationTests]: no resource found for suffixes {-context.xml, Context.groovy}.
17:33:05.952 [Test worker] INFO org.springframework.test.context.support.AnnotationConfigContextLoaderUtils - Could not detect default configuration classes for test class [com.meg.springservices.SpringServicesApplicationTests]: SpringServicesApplicationTests does not declare any static, non-private, non-final, nested classes annotated with @Configuration.
17:33:05.987 [Test worker] DEBUG org.springframework.test.context.support.ActiveProfilesUtils - Could not find an 'annotation declaring class' for annotation type [org.springframework.test.context.ActiveProfiles] and class [com.meg.springservices.SpringServicesApplicationTests]
17:33:06.031 [Test worker] DEBUG org.springframework.context.annotation.ClassPathScanningCandidateComponentProvider - Identified candidate component class: file [/Users/meg/Documents/documents/Git/Java/spring-services/build/classes/java/main/com/meg/springservices/SpringServicesApplication.class]
17:33:06.032 [Test worker] INFO org.springframework.boot.test.context.SpringBootTestContextBootstrapper - Found @SpringBootConfiguration com.meg.springservices.SpringServicesApplication for test class com.meg.springservices.SpringServicesApplicationTests
17:33:06.106 [Test worker] DEBUG org.springframework.boot.test.context.SpringBootTestContextBootstrapper - @TestExecutionListeners is not present for class [com.meg.springservices.SpringServicesApplicationTests]: using defaults.
17:33:06.107 [Test worker] INFO org.springframework.boot.test.context.SpringBootTestContextBootstrapper - Loaded default TestExecutionListener class names from location [META-INF/spring.factories]: [org.springframework.boot.test.autoconfigure.restdocs.RestDocsTestExecutionListener, org.springframework.boot.test.autoconfigure.web.client.MockRestServiceServerResetTestExecutionListener, org.springframework.boot.test.autoconfigure.web.servlet.MockMvcPrintOnlyOnFailureTestExecutionListener, org.springframework.boot.test.autoconfigure.web.servlet.WebDriverTestExecutionListener, org.springframework.boot.test.autoconfigure.webservices.client.MockWebServiceServerTestExecutionListener, org.springframework.boot.test.mock.mockito.MockitoTestExecutionListener, org.springframework.boot.test.mock.mockito.ResetMocksTestExecutionListener, org.springframework.test.context.web.ServletTestExecutionListener, org.springframework.test.context.support.DirtiesContextBeforeModesTestExecutionListener, org.springframework.test.context.support.DependencyInjectionTestExecutionListener, org.springframework.test.context.support.DirtiesContextTestExecutionListener, org.springframework.test.context.transaction.TransactionalTestExecutionListener, org.springframework.test.context.jdbc.SqlScriptsTestExecutionListener, org.springframework.test.context.event.EventPublishingTestExecutionListener]
17:33:06.116 [Test worker] DEBUG org.springframework.boot.test.context.SpringBootTestContextBootstrapper - Skipping candidate TestExecutionListener [org.springframework.test.context.web.ServletTestExecutionListener] due to a missing dependency. Specify custom listener classes or make the default listener classes and their required dependencies available. Offending class: [javax/servlet/ServletContext]
17:33:06.117 [Test worker] DEBUG org.springframework.boot.test.context.SpringBootTestContextBootstrapper - Skipping candidate TestExecutionListener [org.springframework.test.context.transaction.TransactionalTestExecutionListener] due to a missing dependency. Specify custom listener classes or make the default listener classes and their required dependencies available. Offending class: [org/springframework/transaction/interceptor/TransactionAttributeSource]
17:33:06.117 [Test worker] DEBUG org.springframework.boot.test.context.SpringBootTestContextBootstrapper - Skipping candidate TestExecutionListener [org.springframework.test.context.jdbc.SqlScriptsTestExecutionListener] due to a missing dependency. Specify custom listener classes or make the default listener classes and their required dependencies available. Offending class: [org/springframework/transaction/interceptor/TransactionAttribute]
17:33:06.118 [Test worker] INFO org.springframework.boot.test.context.SpringBootTestContextBootstrapper - Using TestExecutionListeners: [org.springframework.test.context.support.DirtiesContextBeforeModesTestExecutionListener@574273b, org.springframework.boot.test.mock.mockito.MockitoTestExecutionListener@2e925665, org.springframework.boot.test.autoconfigure.SpringBootDependencyInjectionTestExecutionListener@3c7c995a, org.springframework.test.context.support.DirtiesContextTestExecutionListener@62d06e18, org.springframework.test.context.event.EventPublishingTestExecutionListener@46b9d086, org.springframework.boot.test.autoconfigure.restdocs.RestDocsTestExecutionListener@7aa4874a, org.springframework.boot.test.autoconfigure.web.client.MockRestServiceServerResetTestExecutionListener@22ca770d, org.springframework.boot.test.autoconfigure.web.servlet.MockMvcPrintOnlyOnFailureTestExecutionListener@438b6de2, org.springframework.boot.test.autoconfigure.web.servlet.WebDriverTestExecutionListener@4b3eb8f5, org.springframework.boot.test.autoconfigure.webservices.client.MockWebServiceServerTestExecutionListener@15fee80f, org.springframework.boot.test.mock.mockito.ResetMocksTestExecutionListener@647d97a2]
17:33:06.121 [Test worker] DEBUG org.springframework.test.context.support.AbstractDirtiesContextTestExecutionListener - Before test class: context [DefaultTestContext@6dedbae5 testClass = SpringServicesApplicationTests, testInstance = [null], testMethod = [null], testException = [null], mergedContextConfiguration = [MergedContextConfiguration@252d5d7c testClass = SpringServicesApplicationTests, locations = '{}', classes = '{class com.meg.springservices.SpringServicesApplication}', contextInitializerClasses = '[]', activeProfiles = '{}', propertySourceLocations = '{}', propertySourceProperties = '{org.springframework.boot.test.context.SpringBootTestContextBootstrapper=true}', contextCustomizers = set[org.springframework.boot.test.autoconfigure.properties.PropertyMappingContextCustomizer@0, org.springframework.boot.test.autoconfigure.web.servlet.WebDriverContextCustomizerFactory$Customizer@3c0bf8c7, org.springframework.boot.test.context.filter.ExcludeFilterContextCustomizer@583e0fd0, org.springframework.boot.test.json.DuplicateJsonObjectContextCustomizerFactory$DuplicateJsonObjectContextCustomizer@395215eb, org.springframework.boot.test.mock.mockito.MockitoContextCustomizer@0, org.springframework.boot.test.web.client.TestRestTemplateContextCustomizer@2a11816c, org.springframework.boot.test.context.SpringBootTestArgs@1], contextLoader = 'org.springframework.boot.test.context.SpringBootContextLoader', parent = [null]], attributes = map[[empty]]], class annotated with @DirtiesContext [false] with mode [null].
17:33:06.129 [Test worker] DEBUG org.springframework.test.context.support.DependencyInjectionTestExecutionListener - Performing dependency injection for test context [[DefaultTestContext@6dedbae5 testClass = SpringServicesApplicationTests, testInstance = com.meg.springservices.SpringServicesApplicationTests@38e541e, testMethod = [null], testException = [null], mergedContextConfiguration = [MergedContextConfiguration@252d5d7c testClass = SpringServicesApplicationTests, locations = '{}', classes = '{class com.meg.springservices.SpringServicesApplication}', contextInitializerClasses = '[]', activeProfiles = '{}', propertySourceLocations = '{}', propertySourceProperties = '{org.springframework.boot.test.context.SpringBootTestContextBootstrapper=true}', contextCustomizers = set[org.springframework.boot.test.autoconfigure.properties.PropertyMappingContextCustomizer@0, org.springframework.boot.test.autoconfigure.web.servlet.WebDriverContextCustomizerFactory$Customizer@3c0bf8c7, org.springframework.boot.test.context.filter.ExcludeFilterContextCustomizer@583e0fd0, org.springframework.boot.test.json.DuplicateJsonObjectContextCustomizerFactory$DuplicateJsonObjectContextCustomizer@395215eb, org.springframework.boot.test.mock.mockito.MockitoContextCustomizer@0, org.springframework.boot.test.web.client.TestRestTemplateContextCustomizer@2a11816c, org.springframework.boot.test.context.SpringBootTestArgs@1], contextLoader = 'org.springframework.boot.test.context.SpringBootContextLoader', parent = [null]], attributes = map[[empty]]]].
17:33:06.145 [Test worker] DEBUG org.springframework.test.context.support.TestPropertySourceUtils - Adding inlined properties to environment: {spring.jmx.enabled=false, org.springframework.boot.test.context.SpringBootTestContextBootstrapper=true}

  .   ____          _            __ _ _
 /\\ / ___'_ __ _ _(_)_ __  __ _ \ \ \ \
( ( )\___ | '_ | '_| | '_ \/ _` | \ \ \ \
 \\/  ___)| |_)| | | | | || (_| |  ) ) ) )
  '  |____| .__|_| |_|_| |_\__, | / / / /
 =========|_|==============|___/=/_/_/_/
 :: Spring Boot ::        (v2.3.0.RELEASE)

2020-06-03 17:33:06.868  INFO 14851 --- [    Test worker] c.c.c.ConfigServicePropertySourceLocator : Fetching config from server at : http://localhost:8888
2020-06-03 17:33:06.952  INFO 14851 --- [    Test worker] c.c.c.ConfigServicePropertySourceLocator : Connect Timeout Exception on Url - http://localhost:8888. Will be trying the next url if available
2020-06-03 17:33:06.952  WARN 14851 --- [    Test worker] c.c.c.ConfigServicePropertySourceLocator : Could not locate PropertySource: I/O error on GET request for "http://localhost:8888/application/default": Connection refused (Connection refused); nested exception is java.net.ConnectException: Connection refused (Connection refused)
2020-06-03 17:33:06.958  INFO 14851 --- [    Test worker] c.m.s.SpringServicesApplicationTests     : No active profile set, falling back to default profiles: default
2020-06-03 17:33:07.400  INFO 14851 --- [    Test worker] o.s.cloud.context.scope.GenericScope     : BeanFactory id=d3bd72c0-80cc-306b-a64e-590f02b59715
2020-06-03 17:33:07.802  WARN 14851 --- [    Test worker] ion$DefaultTemplateResolverConfiguration : Cannot find template location: classpath:/templates/ (please add some templates or check your Thymeleaf configuration)
2020-06-03 17:33:07.879  INFO 14851 --- [    Test worker] c.m.s.SpringServicesApplicationTests     : Started SpringServicesApplicationTests in 1.73 seconds (JVM running for 2.843)
]]></system-out>
  <system-err><![CDATA[]]></system-err>
</testsuite>
